[2019-5-6 16:41:44] [alert.js]: Send alert started
[2019-5-6 16:41:45] [alert.js]: E-mail NAC Host Connection Successfully Send. 
[2019-5-6 16:43:02] [alert.js]: E-mail NAC Host Connection Successfully Send. Email Sent. Check your inbox.to: muhammadkhahfi2016@gmail.com, from: nacmonitoring.wdnet@gmail.com
[2019-5-6 16:43:45] [alert.js]: E-mail NAC Host Connection Successfully Send. 
[2019-5-6 16:44:45] [alert.js]: E-mail NAC Host Connection Successfully Send. 
[2019-5-6 16:46:00] [alert.js]: E-mail NAC Host Connection Successfully Send. Email Sent. Check your inbox.to: muhammadkhahfi2016@gmail.com, from: nacmonitoring.wdnet@gmail.comEmail Sent. Check your inbox.to: muhammadkhahfi2016@gmail.com, from: nacmonitoring.wdnet@gmail.comEmail Sent. Check your inbox.to: muhammadkhahfi2016@gmail.com, from: nacmonitoring.wdnet@gmail.com
[2019-5-6 16:46:50] [alert.js]: E-mail NAC Host Connection Successfully Send. Email Sent. Check your inbox.to: muhammadkhahfi2016@gmail.com, from: nacmonitoring.wdnet@gmail.com
[2019-5-6 16:47:45] [alert.js]: E-mail NAC Host Connection Successfully Send. 
[2019-5-6 16:48:45] [alert.js]: E-mail NAC Host Connection Successfully Send. 
[2019-5-6 16:49:59] [alert.js]: E-mail NAC Host Connection Successfully Send. Email Sent. Check your inbox.to: muhammadkhahfi2016@gmail.com, from: nacmonitoring.wdnet@gmail.comEmail Sent. Check your inbox.to: muhammadkhahfi2016@gmail.com, from: nacmonitoring.wdnet@gmail.comEmail Sent. Check your inbox.to: muhammadkhahfi2016@gmail.com, from: nacmonitoring.wdnet@gmail.com
[2019-5-6 16:50:57] [alert.js]: E-mail NAC Host Connection Successfully Send. Email Sent. Check your inbox.to: muhammadkhahfi2016@gmail.com, from: nacmonitoring.wdnet@gmail.com
[2019-5-6 16:51:45] [alert.js]: E-mail NAC Host Connection Successfully Send. 
[2019-5-6 16:52:46] [alert.js]: E-mail NAC Host Connection Successfully Send. 
[2019-5-6 16:53:53] [alert.js]: E-mail NAC Host Connection Successfully Send. Email Sent. Check your inbox.to: muhammadkhahfi2016@gmail.com, from: 
[2019-5-6 16:54:46] [alert.js]: E-mail NAC Host Connection Successfully Send. 
[2019-5-6 16:55:45] [alert.js]: E-mail NAC Host Connection Successfully Send. 
[2019-5-6 16:56:45] [alert.js]: E-mail NAC Host Connection Successfully Send. 
[2019-5-6 16:57:45] [alert.js]: E-mail NAC Host Connection Successfully Send. 
[2019-5-6 16:58:46] [alert.js]: E-mail NAC Host Connection Successfully Send. 
[2019-5-6 16:59:46] [alert.js]: E-mail NAC Host Connection Successfully Send. 
[2019-5-6 17:00:45] [alert.js]: E-mail NAC Host Connection Successfully Send. 
[2019-5-6 17:01:46] [alert.js]: E-mail NAC Host Connection Successfully Send. 
[2019-5-6 17:02:46] [alert.js]: E-mail NAC Host Connection Successfully Send. 
[2019-5-6 17:03:46] [alert.js]: E-mail NAC Host Connection Successfully Send. 
[2019-5-6 17:04:46] [alert.js]: E-mail NAC Host Connection Successfully Send. 
[2019-5-6 17:05:57] [alert.js]: E-mail NAC Host Connection Successfully Send. 
[2019-5-6 17:06:45] [alert.js]: E-mail NAC Host Connection Successfully Send. 
[2019-5-6 17:07:46] [alert.js]: E-mail NAC Host Connection Successfully Send. 
[2019-5-6 17:08:46] [alert.js]: E-mail NAC Host Connection Successfully Send. 
[2019-5-6 17:09:46] [alert.js]: E-mail NAC Host Connection Successfully Send. 
[2019-5-6 17:10:46] [alert.js]: E-mail NAC Host Connection Successfully Send. 
[2019-5-6 17:11:47] [alert.js]: E-mail NAC Host Connection Successfully Send. 
[2019-5-6 17:12:46] [alert.js]: E-mail NAC Host Connection Successfully Send. 
[2019-5-6 17:13:46] [alert.js]: E-mail NAC Host Connection Successfully Send. 
[2019-5-6 17:14:46] [alert.js]: E-mail NAC Host Connection Successfully Send. 
[2019-5-6 17:15:46] [alert.js]: E-mail NAC Host Connection Successfully Send. 
[2019-5-6 17:16:46] [alert.js]: E-mail NAC Host Connection Successfully Send. 
[2019-5-6 17:17:57] [alert.js]: E-mail NAC Host Connection Successfully Send. 
[2019-5-6 17:19:04] [alert.js]: E-mail NAC Host Connection Successfully Send. Email Sent. Check your inbox.to: muhammadkhahfi2016@gmail.com, from: nacmonitoring.wdnet@gmail.comEmail Sent. Check your inbox.to: muhammadkhahfi2016@gmail.com, from: nacmonitoring.wdnet@gmail.com
[2019-5-6 17:19:45] [alert.js]: E-mail NAC Host Connection Successfully Send. 
[2019-5-6 17:20:46] [alert.js]: E-mail NAC Host Connection Successfully Send. 
[2019-5-6 17:21:46] [alert.js]: E-mail NAC Host Connection Successfully Send. 
[2019-5-6 17:22:47] [alert.js]: E-mail NAC Host Connection Successfully Send. 
