undefined:1
<!DOCTYPE html>
^

SyntaxError: Unexpected token < in JSON at position 0
    at JSON.parse (<anonymous>)
    at Request._callback (D:\Github\NodeJS\alertsystem.js:119:17)
    at Request.self.callback (D:\Github\NodeJS\node_modules\request\request.js:188:22)
    at emitTwo (events.js:126:13)
    at Request.emit (events.js:214:7)
    at Request.<anonymous> (D:\Github\NodeJS\node_modules\request\request.js:1171:10)
    at emitOne (events.js:116:13)
    at Request.emit (events.js:211:7)
    at IncomingMessage.<anonymous> (D:\Github\NodeJS\node_modules\request\request.js:1091:12)
    at Object.onceWrapper (events.js:313:30)
undefined:1
<!DOCTYPE html>
^

SyntaxError: Unexpected token < in JSON at position 0
    at JSON.parse (<anonymous>)
    at Request._callback (D:\Github\NodeJS\alertsystem.js:119:17)
    at Request.self.callback (D:\Github\NodeJS\node_modules\request\request.js:188:22)
    at emitTwo (events.js:126:13)
    at Request.emit (events.js:214:7)
    at Request.<anonymous> (D:\Github\NodeJS\node_modules\request\request.js:1171:10)
    at emitOne (events.js:116:13)
    at Request.emit (events.js:211:7)
    at IncomingMessage.<anonymous> (D:\Github\NodeJS\node_modules\request\request.js:1091:12)
    at Object.onceWrapper (events.js:313:30)
undefined:1
<!DOCTYPE html>
^

SyntaxError: Unexpected token < in JSON at position 0
    at JSON.parse (<anonymous>)
    at Request._callback (D:\Github\NodeJS\alertsystem.js:119:17)
    at Request.self.callback (D:\Github\NodeJS\node_modules\request\request.js:188:22)
    at emitTwo (events.js:126:13)
    at Request.emit (events.js:214:7)
    at Request.<anonymous> (D:\Github\NodeJS\node_modules\request\request.js:1171:10)
    at emitOne (events.js:116:13)
    at Request.emit (events.js:211:7)
    at IncomingMessage.<anonymous> (D:\Github\NodeJS\node_modules\request\request.js:1091:12)
    at Object.onceWrapper (events.js:313:30)
C:\Users\Admin\AppData\Roaming\npm\node_modules\qckwinsvc\node_modules\node-windows\lib\wrapper.js:177
    child.send('shutdown');
          ^

TypeError: Cannot read property 'send' of null
    at process.killkid (C:\Users\Admin\AppData\Roaming\npm\node_modules\qckwinsvc\node_modules\node-windows\lib\wrapper.js:177:11)
    at emitOne (events.js:116:13)
    at process.emit (events.js:211:7)
    at process.exit (internal/process.js:146:15)
    at monitor (C:\Users\Admin\AppData\Roaming\npm\node_modules\qckwinsvc\node_modules\node-windows\lib\wrapper.js:99:17)
    at ChildProcess.<anonymous> (C:\Users\Admin\AppData\Roaming\npm\node_modules\qckwinsvc\node_modules\node-windows\lib\wrapper.js:170:5)
    at emitTwo (events.js:126:13)
    at ChildProcess.emit (events.js:214:7)
    at Process.ChildProcess._handle.onexit (internal/child_process.js:198:12)
undefined:1
undefined
^

SyntaxError: Unexpected token u in JSON at position 0
    at JSON.parse (<anonymous>)
    at Request._callback (D:\Github\NodeJS\alertsystem.js:119:17)
    at self.callback (D:\Github\NodeJS\node_modules\request\request.js:188:22)
    at emitOne (events.js:116:13)
    at Request.emit (events.js:211:7)
    at Request.onRequestError (D:\Github\NodeJS\node_modules\request\request.js:884:8)
    at emitOne (events.js:116:13)
    at ClientRequest.emit (events.js:211:7)
    at Socket.socketErrorListener (_http_client.js:387:9)
    at emitOne (events.js:116:13)
undefined:1
undefined
^

SyntaxError: Unexpected token u in JSON at position 0
    at JSON.parse (<anonymous>)
    at Request._callback (D:\Github\NodeJS\alertsystem.js:119:17)
    at self.callback (D:\Github\NodeJS\node_modules\request\request.js:188:22)
    at emitOne (events.js:116:13)
    at Request.emit (events.js:211:7)
    at Request.onRequestError (D:\Github\NodeJS\node_modules\request\request.js:884:8)
    at emitOne (events.js:116:13)
    at ClientRequest.emit (events.js:211:7)
    at Socket.socketErrorListener (_http_client.js:387:9)
    at emitOne (events.js:116:13)
undefined:1
undefined
^

SyntaxError: Unexpected token u in JSON at position 0
    at JSON.parse (<anonymous>)
    at Request._callback (D:\Github\NodeJS\alertsystem.js:119:17)
    at self.callback (D:\Github\NodeJS\node_modules\request\request.js:188:22)
    at emitOne (events.js:116:13)
    at Request.emit (events.js:211:7)
    at Request.onRequestError (D:\Github\NodeJS\node_modules\request\request.js:884:8)
    at emitOne (events.js:116:13)
    at ClientRequest.emit (events.js:211:7)
    at Socket.socketErrorListener (_http_client.js:387:9)
    at emitOne (events.js:116:13)
C:\Users\Admin\AppData\Roaming\npm\node_modules\qckwinsvc\node_modules\node-windows\lib\wrapper.js:177
    child.send('shutdown');
          ^

TypeError: Cannot read property 'send' of null
    at process.killkid (C:\Users\Admin\AppData\Roaming\npm\node_modules\qckwinsvc\node_modules\node-windows\lib\wrapper.js:177:11)
    at emitOne (events.js:116:13)
    at process.emit (events.js:211:7)
    at process.exit (internal/process.js:146:15)
    at monitor (C:\Users\Admin\AppData\Roaming\npm\node_modules\qckwinsvc\node_modules\node-windows\lib\wrapper.js:99:17)
    at ChildProcess.<anonymous> (C:\Users\Admin\AppData\Roaming\npm\node_modules\qckwinsvc\node_modules\node-windows\lib\wrapper.js:170:5)
    at emitTwo (events.js:126:13)
    at ChildProcess.emit (events.js:214:7)
    at Process.ChildProcess._handle.onexit (internal/child_process.js:198:12)
undefined:1
undefined
^

SyntaxError: Unexpected token u in JSON at position 0
    at JSON.parse (<anonymous>)
    at Request._callback (D:\Github\NodeJS\alertsystem.js:119:17)
    at self.callback (D:\Github\NodeJS\node_modules\request\request.js:188:22)
    at emitOne (events.js:116:13)
    at Request.emit (events.js:211:7)
    at Request.onRequestError (D:\Github\NodeJS\node_modules\request\request.js:884:8)
    at emitOne (events.js:116:13)
    at ClientRequest.emit (events.js:211:7)
    at Socket.socketErrorListener (_http_client.js:387:9)
    at emitOne (events.js:116:13)
undefined:1
undefined
^

SyntaxError: Unexpected token u in JSON at position 0
    at JSON.parse (<anonymous>)
    at Request._callback (D:\Github\NodeJS\alertsystem.js:119:17)
    at self.callback (D:\Github\NodeJS\node_modules\request\request.js:188:22)
    at emitOne (events.js:116:13)
    at Request.emit (events.js:211:7)
    at Request.onRequestError (D:\Github\NodeJS\node_modules\request\request.js:884:8)
    at emitOne (events.js:116:13)
    at ClientRequest.emit (events.js:211:7)
    at Socket.socketErrorListener (_http_client.js:387:9)
    at emitOne (events.js:116:13)
undefined:1
undefined
^

SyntaxError: Unexpected token u in JSON at position 0
    at JSON.parse (<anonymous>)
    at Request._callback (D:\Github\NodeJS\alertsystem.js:119:17)
    at self.callback (D:\Github\NodeJS\node_modules\request\request.js:188:22)
    at emitOne (events.js:116:13)
    at Request.emit (events.js:211:7)
    at Request.onRequestError (D:\Github\NodeJS\node_modules\request\request.js:884:8)
    at emitOne (events.js:116:13)
    at ClientRequest.emit (events.js:211:7)
    at Socket.socketErrorListener (_http_client.js:387:9)
    at emitOne (events.js:116:13)
C:\Users\Admin\AppData\Roaming\npm\node_modules\qckwinsvc\node_modules\node-windows\lib\wrapper.js:177
    child.send('shutdown');
          ^

TypeError: Cannot read property 'send' of null
    at process.killkid (C:\Users\Admin\AppData\Roaming\npm\node_modules\qckwinsvc\node_modules\node-windows\lib\wrapper.js:177:11)
    at emitOne (events.js:116:13)
    at process.emit (events.js:211:7)
    at process.exit (internal/process.js:146:15)
    at monitor (C:\Users\Admin\AppData\Roaming\npm\node_modules\qckwinsvc\node_modules\node-windows\lib\wrapper.js:99:17)
    at ChildProcess.<anonymous> (C:\Users\Admin\AppData\Roaming\npm\node_modules\qckwinsvc\node_modules\node-windows\lib\wrapper.js:170:5)
    at emitTwo (events.js:126:13)
    at ChildProcess.emit (events.js:214:7)
    at Process.ChildProcess._handle.onexit (internal/child_process.js:198:12)
undefined:1
undefined
^

SyntaxError: Unexpected token u in JSON at position 0
    at JSON.parse (<anonymous>)
    at Request._callback (D:\Github\NodeJS\alertsystem.js:119:17)
    at self.callback (D:\Github\NodeJS\node_modules\request\request.js:188:22)
    at emitOne (events.js:116:13)
    at Request.emit (events.js:211:7)
    at Request.onRequestError (D:\Github\NodeJS\node_modules\request\request.js:884:8)
    at emitOne (events.js:116:13)
    at ClientRequest.emit (events.js:211:7)
    at Socket.socketErrorListener (_http_client.js:387:9)
    at emitOne (events.js:116:13)
undefined:1
undefined
^

SyntaxError: Unexpected token u in JSON at position 0
    at JSON.parse (<anonymous>)
    at Request._callback (D:\Github\NodeJS\alertsystem.js:119:17)
    at self.callback (D:\Github\NodeJS\node_modules\request\request.js:188:22)
    at emitOne (events.js:116:13)
    at Request.emit (events.js:211:7)
    at Request.onRequestError (D:\Github\NodeJS\node_modules\request\request.js:884:8)
    at emitOne (events.js:116:13)
    at ClientRequest.emit (events.js:211:7)
    at Socket.socketErrorListener (_http_client.js:387:9)
    at emitOne (events.js:116:13)
undefined:1
undefined
^

SyntaxError: Unexpected token u in JSON at position 0
    at JSON.parse (<anonymous>)
    at Request._callback (D:\Github\NodeJS\alertsystem.js:119:17)
    at self.callback (D:\Github\NodeJS\node_modules\request\request.js:188:22)
    at emitOne (events.js:116:13)
    at Request.emit (events.js:211:7)
    at Request.onRequestError (D:\Github\NodeJS\node_modules\request\request.js:884:8)
    at emitOne (events.js:116:13)
    at ClientRequest.emit (events.js:211:7)
    at Socket.socketErrorListener (_http_client.js:387:9)
    at emitOne (events.js:116:13)
C:\Users\Admin\AppData\Roaming\npm\node_modules\qckwinsvc\node_modules\node-windows\lib\wrapper.js:177
    child.send('shutdown');
          ^

TypeError: Cannot read property 'send' of null
    at process.killkid (C:\Users\Admin\AppData\Roaming\npm\node_modules\qckwinsvc\node_modules\node-windows\lib\wrapper.js:177:11)
    at emitOne (events.js:116:13)
    at process.emit (events.js:211:7)
    at process.exit (internal/process.js:146:15)
    at monitor (C:\Users\Admin\AppData\Roaming\npm\node_modules\qckwinsvc\node_modules\node-windows\lib\wrapper.js:99:17)
    at ChildProcess.<anonymous> (C:\Users\Admin\AppData\Roaming\npm\node_modules\qckwinsvc\node_modules\node-windows\lib\wrapper.js:170:5)
    at emitTwo (events.js:126:13)
    at ChildProcess.emit (events.js:214:7)
    at Process.ChildProcess._handle.onexit (internal/child_process.js:198:12)
undefined:1
undefined
^

SyntaxError: Unexpected token u in JSON at position 0
    at JSON.parse (<anonymous>)
    at Request._callback (D:\Github\NodeJS\alertsystem.js:119:17)
    at self.callback (D:\Github\NodeJS\node_modules\request\request.js:188:22)
    at emitOne (events.js:116:13)
    at Request.emit (events.js:211:7)
    at Request.onRequestError (D:\Github\NodeJS\node_modules\request\request.js:884:8)
    at emitOne (events.js:116:13)
    at ClientRequest.emit (events.js:211:7)
    at Socket.socketErrorListener (_http_client.js:387:9)
    at emitOne (events.js:116:13)
undefined:1
undefined
^

SyntaxError: Unexpected token u in JSON at position 0
    at JSON.parse (<anonymous>)
    at Request._callback (D:\Github\NodeJS\alertsystem.js:119:17)
    at self.callback (D:\Github\NodeJS\node_modules\request\request.js:188:22)
    at emitOne (events.js:116:13)
    at Request.emit (events.js:211:7)
    at Request.onRequestError (D:\Github\NodeJS\node_modules\request\request.js:884:8)
    at emitOne (events.js:116:13)
    at ClientRequest.emit (events.js:211:7)
    at Socket.socketErrorListener (_http_client.js:387:9)
    at emitOne (events.js:116:13)
undefined:1
undefined
^

SyntaxError: Unexpected token u in JSON at position 0
    at JSON.parse (<anonymous>)
    at Request._callback (D:\Github\NodeJS\alertsystem.js:119:17)
    at self.callback (D:\Github\NodeJS\node_modules\request\request.js:188:22)
    at emitOne (events.js:116:13)
    at Request.emit (events.js:211:7)
    at Request.onRequestError (D:\Github\NodeJS\node_modules\request\request.js:884:8)
    at emitOne (events.js:116:13)
    at ClientRequest.emit (events.js:211:7)
    at Socket.socketErrorListener (_http_client.js:387:9)
    at emitOne (events.js:116:13)
C:\Users\Admin\AppData\Roaming\npm\node_modules\qckwinsvc\node_modules\node-windows\lib\wrapper.js:177
    child.send('shutdown');
          ^

TypeError: Cannot read property 'send' of null
    at process.killkid (C:\Users\Admin\AppData\Roaming\npm\node_modules\qckwinsvc\node_modules\node-windows\lib\wrapper.js:177:11)
    at emitOne (events.js:116:13)
    at process.emit (events.js:211:7)
    at process.exit (internal/process.js:146:15)
    at monitor (C:\Users\Admin\AppData\Roaming\npm\node_modules\qckwinsvc\node_modules\node-windows\lib\wrapper.js:99:17)
    at ChildProcess.<anonymous> (C:\Users\Admin\AppData\Roaming\npm\node_modules\qckwinsvc\node_modules\node-windows\lib\wrapper.js:170:5)
    at emitTwo (events.js:126:13)
    at ChildProcess.emit (events.js:214:7)
    at Process.ChildProcess._handle.onexit (internal/child_process.js:198:12)
undefined:1
undefined
^

SyntaxError: Unexpected token u in JSON at position 0
    at JSON.parse (<anonymous>)
    at Request._callback (D:\Github\NodeJS\alertsystem.js:119:17)
    at self.callback (D:\Github\NodeJS\node_modules\request\request.js:188:22)
    at emitOne (events.js:116:13)
    at Request.emit (events.js:211:7)
    at Request.onRequestError (D:\Github\NodeJS\node_modules\request\request.js:884:8)
    at emitOne (events.js:116:13)
    at ClientRequest.emit (events.js:211:7)
    at Socket.socketErrorListener (_http_client.js:387:9)
    at emitOne (events.js:116:13)
undefined:1
undefined
^

SyntaxError: Unexpected token u in JSON at position 0
    at JSON.parse (<anonymous>)
    at Request._callback (D:\Github\NodeJS\alertsystem.js:119:17)
    at self.callback (D:\Github\NodeJS\node_modules\request\request.js:188:22)
    at emitOne (events.js:116:13)
    at Request.emit (events.js:211:7)
    at Request.onRequestError (D:\Github\NodeJS\node_modules\request\request.js:884:8)
    at emitOne (events.js:116:13)
    at ClientRequest.emit (events.js:211:7)
    at Socket.socketErrorListener (_http_client.js:387:9)
    at emitOne (events.js:116:13)
undefined:1
undefined
^

SyntaxError: Unexpected token u in JSON at position 0
    at JSON.parse (<anonymous>)
    at Request._callback (D:\Github\NodeJS\alertsystem.js:119:17)
    at self.callback (D:\Github\NodeJS\node_modules\request\request.js:188:22)
    at emitOne (events.js:116:13)
    at Request.emit (events.js:211:7)
    at Request.onRequestError (D:\Github\NodeJS\node_modules\request\request.js:884:8)
    at emitOne (events.js:116:13)
    at ClientRequest.emit (events.js:211:7)
    at Socket.socketErrorListener (_http_client.js:387:9)
    at emitOne (events.js:116:13)
C:\Users\Admin\AppData\Roaming\npm\node_modules\qckwinsvc\node_modules\node-windows\lib\wrapper.js:177
    child.send('shutdown');
          ^

TypeError: Cannot read property 'send' of null
    at process.killkid (C:\Users\Admin\AppData\Roaming\npm\node_modules\qckwinsvc\node_modules\node-windows\lib\wrapper.js:177:11)
    at emitOne (events.js:116:13)
    at process.emit (events.js:211:7)
    at process.exit (internal/process.js:146:15)
    at monitor (C:\Users\Admin\AppData\Roaming\npm\node_modules\qckwinsvc\node_modules\node-windows\lib\wrapper.js:99:17)
    at ChildProcess.<anonymous> (C:\Users\Admin\AppData\Roaming\npm\node_modules\qckwinsvc\node_modules\node-windows\lib\wrapper.js:170:5)
    at emitTwo (events.js:126:13)
    at ChildProcess.emit (events.js:214:7)
    at Process.ChildProcess._handle.onexit (internal/child_process.js:198:12)
undefined:1
undefined
^

SyntaxError: Unexpected token u in JSON at position 0
    at JSON.parse (<anonymous>)
    at Request._callback (D:\Github\NodeJS\alertsystem.js:119:17)
    at self.callback (D:\Github\NodeJS\node_modules\request\request.js:188:22)
    at emitOne (events.js:116:13)
    at Request.emit (events.js:211:7)
    at Request.onRequestError (D:\Github\NodeJS\node_modules\request\request.js:884:8)
    at emitOne (events.js:116:13)
    at ClientRequest.emit (events.js:211:7)
    at Socket.socketErrorListener (_http_client.js:387:9)
    at emitOne (events.js:116:13)
undefined:1
undefined
^

SyntaxError: Unexpected token u in JSON at position 0
    at JSON.parse (<anonymous>)
    at Request._callback (D:\Github\NodeJS\alertsystem.js:119:17)
    at self.callback (D:\Github\NodeJS\node_modules\request\request.js:188:22)
    at emitOne (events.js:116:13)
    at Request.emit (events.js:211:7)
    at Request.onRequestError (D:\Github\NodeJS\node_modules\request\request.js:884:8)
    at emitOne (events.js:116:13)
    at ClientRequest.emit (events.js:211:7)
    at Socket.socketErrorListener (_http_client.js:387:9)
    at emitOne (events.js:116:13)
undefined:1
undefined
^

SyntaxError: Unexpected token u in JSON at position 0
    at JSON.parse (<anonymous>)
    at Request._callback (D:\Github\NodeJS\alertsystem.js:119:17)
    at self.callback (D:\Github\NodeJS\node_modules\request\request.js:188:22)
    at emitOne (events.js:116:13)
    at Request.emit (events.js:211:7)
    at Request.onRequestError (D:\Github\NodeJS\node_modules\request\request.js:884:8)
    at emitOne (events.js:116:13)
    at ClientRequest.emit (events.js:211:7)
    at Socket.socketErrorListener (_http_client.js:387:9)
    at emitOne (events.js:116:13)
C:\Users\Admin\AppData\Roaming\npm\node_modules\qckwinsvc\node_modules\node-windows\lib\wrapper.js:177
    child.send('shutdown');
          ^

TypeError: Cannot read property 'send' of null
    at process.killkid (C:\Users\Admin\AppData\Roaming\npm\node_modules\qckwinsvc\node_modules\node-windows\lib\wrapper.js:177:11)
    at emitOne (events.js:116:13)
    at process.emit (events.js:211:7)
    at process.exit (internal/process.js:146:15)
    at monitor (C:\Users\Admin\AppData\Roaming\npm\node_modules\qckwinsvc\node_modules\node-windows\lib\wrapper.js:99:17)
    at ChildProcess.<anonymous> (C:\Users\Admin\AppData\Roaming\npm\node_modules\qckwinsvc\node_modules\node-windows\lib\wrapper.js:170:5)
    at emitTwo (events.js:126:13)
    at ChildProcess.emit (events.js:214:7)
    at Process.ChildProcess._handle.onexit (internal/child_process.js:198:12)
undefined:1
undefined
^

SyntaxError: Unexpected token u in JSON at position 0
    at JSON.parse (<anonymous>)
    at Request._callback (D:\Github\NodeJS\alertsystem.js:119:17)
    at self.callback (D:\Github\NodeJS\node_modules\request\request.js:188:22)
    at emitOne (events.js:116:13)
    at Request.emit (events.js:211:7)
    at Request.onRequestError (D:\Github\NodeJS\node_modules\request\request.js:884:8)
    at emitOne (events.js:116:13)
    at ClientRequest.emit (events.js:211:7)
    at Socket.socketErrorListener (_http_client.js:387:9)
    at emitOne (events.js:116:13)
undefined:1
undefined
^

SyntaxError: Unexpected token u in JSON at position 0
    at JSON.parse (<anonymous>)
    at Request._callback (D:\Github\NodeJS\alertsystem.js:119:17)
    at self.callback (D:\Github\NodeJS\node_modules\request\request.js:188:22)
    at emitOne (events.js:116:13)
    at Request.emit (events.js:211:7)
    at Request.onRequestError (D:\Github\NodeJS\node_modules\request\request.js:884:8)
    at emitOne (events.js:116:13)
    at ClientRequest.emit (events.js:211:7)
    at Socket.socketErrorListener (_http_client.js:387:9)
    at emitOne (events.js:116:13)
undefined:1
undefined
^

SyntaxError: Unexpected token u in JSON at position 0
    at JSON.parse (<anonymous>)
    at Request._callback (D:\Github\NodeJS\alertsystem.js:119:17)
    at self.callback (D:\Github\NodeJS\node_modules\request\request.js:188:22)
    at emitOne (events.js:116:13)
    at Request.emit (events.js:211:7)
    at Request.onRequestError (D:\Github\NodeJS\node_modules\request\request.js:884:8)
    at emitOne (events.js:116:13)
    at ClientRequest.emit (events.js:211:7)
    at Socket.socketErrorListener (_http_client.js:387:9)
    at emitOne (events.js:116:13)
C:\Users\Admin\AppData\Roaming\npm\node_modules\qckwinsvc\node_modules\node-windows\lib\wrapper.js:177
    child.send('shutdown');
          ^

TypeError: Cannot read property 'send' of null
    at process.killkid (C:\Users\Admin\AppData\Roaming\npm\node_modules\qckwinsvc\node_modules\node-windows\lib\wrapper.js:177:11)
    at emitOne (events.js:116:13)
    at process.emit (events.js:211:7)
    at process.exit (internal/process.js:146:15)
    at monitor (C:\Users\Admin\AppData\Roaming\npm\node_modules\qckwinsvc\node_modules\node-windows\lib\wrapper.js:99:17)
    at ChildProcess.<anonymous> (C:\Users\Admin\AppData\Roaming\npm\node_modules\qckwinsvc\node_modules\node-windows\lib\wrapper.js:170:5)
    at emitTwo (events.js:126:13)
    at ChildProcess.emit (events.js:214:7)
    at Process.ChildProcess._handle.onexit (internal/child_process.js:198:12)
undefined:1
undefined
^

SyntaxError: Unexpected token u in JSON at position 0
    at JSON.parse (<anonymous>)
    at Request._callback (D:\Github\NodeJS\alertsystem.js:119:17)
    at self.callback (D:\Github\NodeJS\node_modules\request\request.js:188:22)
    at emitOne (events.js:116:13)
    at Request.emit (events.js:211:7)
    at Request.onRequestError (D:\Github\NodeJS\node_modules\request\request.js:884:8)
    at emitOne (events.js:116:13)
    at ClientRequest.emit (events.js:211:7)
    at Socket.socketErrorListener (_http_client.js:387:9)
    at emitOne (events.js:116:13)
undefined:1
undefined
^

SyntaxError: Unexpected token u in JSON at position 0
    at JSON.parse (<anonymous>)
    at Request._callback (D:\Github\NodeJS\alertsystem.js:119:17)
    at self.callback (D:\Github\NodeJS\node_modules\request\request.js:188:22)
    at emitOne (events.js:116:13)
    at Request.emit (events.js:211:7)
    at Request.onRequestError (D:\Github\NodeJS\node_modules\request\request.js:884:8)
    at emitOne (events.js:116:13)
    at ClientRequest.emit (events.js:211:7)
    at Socket.socketErrorListener (_http_client.js:387:9)
    at emitOne (events.js:116:13)
undefined:1
undefined
^

SyntaxError: Unexpected token u in JSON at position 0
    at JSON.parse (<anonymous>)
    at Request._callback (D:\Github\NodeJS\alertsystem.js:119:17)
    at self.callback (D:\Github\NodeJS\node_modules\request\request.js:188:22)
    at emitOne (events.js:116:13)
    at Request.emit (events.js:211:7)
    at Request.onRequestError (D:\Github\NodeJS\node_modules\request\request.js:884:8)
    at emitOne (events.js:116:13)
    at ClientRequest.emit (events.js:211:7)
    at Socket.socketErrorListener (_http_client.js:387:9)
    at emitOne (events.js:116:13)
C:\Users\Admin\AppData\Roaming\npm\node_modules\qckwinsvc\node_modules\node-windows\lib\wrapper.js:177
    child.send('shutdown');
          ^

TypeError: Cannot read property 'send' of null
    at process.killkid (C:\Users\Admin\AppData\Roaming\npm\node_modules\qckwinsvc\node_modules\node-windows\lib\wrapper.js:177:11)
    at emitOne (events.js:116:13)
    at process.emit (events.js:211:7)
    at process.exit (internal/process.js:146:15)
    at monitor (C:\Users\Admin\AppData\Roaming\npm\node_modules\qckwinsvc\node_modules\node-windows\lib\wrapper.js:99:17)
    at ChildProcess.<anonymous> (C:\Users\Admin\AppData\Roaming\npm\node_modules\qckwinsvc\node_modules\node-windows\lib\wrapper.js:170:5)
    at emitTwo (events.js:126:13)
    at ChildProcess.emit (events.js:214:7)
    at Process.ChildProcess._handle.onexit (internal/child_process.js:198:12)
undefined:1
undefined
^

SyntaxError: Unexpected token u in JSON at position 0
    at JSON.parse (<anonymous>)
    at Request._callback (D:\Github\NodeJS\alertsystem.js:119:17)
    at self.callback (D:\Github\NodeJS\node_modules\request\request.js:188:22)
    at emitOne (events.js:116:13)
    at Request.emit (events.js:211:7)
    at Request.onRequestError (D:\Github\NodeJS\node_modules\request\request.js:884:8)
    at emitOne (events.js:116:13)
    at ClientRequest.emit (events.js:211:7)
    at Socket.socketErrorListener (_http_client.js:387:9)
    at emitOne (events.js:116:13)
undefined:1
undefined
^

SyntaxError: Unexpected token u in JSON at position 0
    at JSON.parse (<anonymous>)
    at Request._callback (D:\Github\NodeJS\alertsystem.js:119:17)
    at self.callback (D:\Github\NodeJS\node_modules\request\request.js:188:22)
    at emitOne (events.js:116:13)
    at Request.emit (events.js:211:7)
    at Request.onRequestError (D:\Github\NodeJS\node_modules\request\request.js:884:8)
    at emitOne (events.js:116:13)
    at ClientRequest.emit (events.js:211:7)
    at Socket.socketErrorListener (_http_client.js:387:9)
    at emitOne (events.js:116:13)
undefined:1
undefined
^

SyntaxError: Unexpected token u in JSON at position 0
    at JSON.parse (<anonymous>)
    at Request._callback (D:\Github\NodeJS\alertsystem.js:119:17)
    at self.callback (D:\Github\NodeJS\node_modules\request\request.js:188:22)
    at emitOne (events.js:116:13)
    at Request.emit (events.js:211:7)
    at Request.onRequestError (D:\Github\NodeJS\node_modules\request\request.js:884:8)
    at emitOne (events.js:116:13)
    at ClientRequest.emit (events.js:211:7)
    at Socket.socketErrorListener (_http_client.js:387:9)
    at emitOne (events.js:116:13)
C:\Users\Admin\AppData\Roaming\npm\node_modules\qckwinsvc\node_modules\node-windows\lib\wrapper.js:177
    child.send('shutdown');
          ^

TypeError: Cannot read property 'send' of null
    at process.killkid (C:\Users\Admin\AppData\Roaming\npm\node_modules\qckwinsvc\node_modules\node-windows\lib\wrapper.js:177:11)
    at emitOne (events.js:116:13)
    at process.emit (events.js:211:7)
    at process.exit (internal/process.js:146:15)
    at monitor (C:\Users\Admin\AppData\Roaming\npm\node_modules\qckwinsvc\node_modules\node-windows\lib\wrapper.js:99:17)
    at ChildProcess.<anonymous> (C:\Users\Admin\AppData\Roaming\npm\node_modules\qckwinsvc\node_modules\node-windows\lib\wrapper.js:170:5)
    at emitTwo (events.js:126:13)
    at ChildProcess.emit (events.js:214:7)
    at Process.ChildProcess._handle.onexit (internal/child_process.js:198:12)
undefined:1
undefined
^

SyntaxError: Unexpected token u in JSON at position 0
    at JSON.parse (<anonymous>)
    at Request._callback (D:\Github\NodeJS\alertsystem.js:119:17)
    at self.callback (D:\Github\NodeJS\node_modules\request\request.js:188:22)
    at emitOne (events.js:116:13)
    at Request.emit (events.js:211:7)
    at Request.onRequestError (D:\Github\NodeJS\node_modules\request\request.js:884:8)
    at emitOne (events.js:116:13)
    at ClientRequest.emit (events.js:211:7)
    at Socket.socketErrorListener (_http_client.js:387:9)
    at emitOne (events.js:116:13)
undefined:1
undefined
^

SyntaxError: Unexpected token u in JSON at position 0
    at JSON.parse (<anonymous>)
    at Request._callback (D:\Github\NodeJS\alertsystem.js:119:17)
    at self.callback (D:\Github\NodeJS\node_modules\request\request.js:188:22)
    at emitOne (events.js:116:13)
    at Request.emit (events.js:211:7)
    at Request.onRequestError (D:\Github\NodeJS\node_modules\request\request.js:884:8)
    at emitOne (events.js:116:13)
    at ClientRequest.emit (events.js:211:7)
    at Socket.socketErrorListener (_http_client.js:387:9)
    at emitOne (events.js:116:13)
undefined:1
undefined
^

SyntaxError: Unexpected token u in JSON at position 0
    at JSON.parse (<anonymous>)
    at Request._callback (D:\Github\NodeJS\alertsystem.js:119:17)
    at self.callback (D:\Github\NodeJS\node_modules\request\request.js:188:22)
    at emitOne (events.js:116:13)
    at Request.emit (events.js:211:7)
    at Request.onRequestError (D:\Github\NodeJS\node_modules\request\request.js:884:8)
    at emitOne (events.js:116:13)
    at ClientRequest.emit (events.js:211:7)
    at Socket.socketErrorListener (_http_client.js:387:9)
    at emitOne (events.js:116:13)
C:\Users\Admin\AppData\Roaming\npm\node_modules\qckwinsvc\node_modules\node-windows\lib\wrapper.js:177
    child.send('shutdown');
          ^

TypeError: Cannot read property 'send' of null
    at process.killkid (C:\Users\Admin\AppData\Roaming\npm\node_modules\qckwinsvc\node_modules\node-windows\lib\wrapper.js:177:11)
    at emitOne (events.js:116:13)
    at process.emit (events.js:211:7)
    at process.exit (internal/process.js:146:15)
    at monitor (C:\Users\Admin\AppData\Roaming\npm\node_modules\qckwinsvc\node_modules\node-windows\lib\wrapper.js:99:17)
    at ChildProcess.<anonymous> (C:\Users\Admin\AppData\Roaming\npm\node_modules\qckwinsvc\node_modules\node-windows\lib\wrapper.js:170:5)
    at emitTwo (events.js:126:13)
    at ChildProcess.emit (events.js:214:7)
    at Process.ChildProcess._handle.onexit (internal/child_process.js:198:12)
