Send alert started...
Request: http://localhost:2323/get_status_email_nac
Error: null
Status Code: 500
Send alert started...
Request: http://localhost:2323/get_status_email_nac
Error: null
Status Code: 500
Send alert started...
Request: http://localhost:2323/get_status_email_nac
Error: null
Status Code: 500
Send alert started...
Request: http://localhost:2323/get_status_email_nac
Error: null
Status Code: 200
-------------------
NAC Status Email Alert: 1
NAC Host Connection Email Alert: 1
NAC Transaction Timeout Email Alert: 1
Status interval (minutes): 5
Host conn limit (freq.): 2
Status interval NAC host conn (minutes): 1
Transaction timeout limit (freq.): 2
Status interval trx timeout (minutes): 1
-------------------
NAC Status Email Alert is Enable
Checking for NAC Status...
NAC Trx Timeout Email Alert is Enable
Checking for NAC Host Connection...
NAC Host Connection Email Alert is Enable
Checking for NAC Host Connection...
request: http://localhost:2323/get_nac_host_conn
error: null
statusCode: 200
Log saved!
request: http://localhost:2323/get_node_trx_timeout
error: null
statusCode: 200
Log saved!
request: http://localhost:2323/get_nac_status
error: null
statusCode: 200
Log saved!
Send alert started...
Request: http://localhost:2323/get_status_email_nac
Error: null
Status Code: 200
-------------------
NAC Status Email Alert: 1
NAC Host Connection Email Alert: 1
NAC Transaction Timeout Email Alert: 1
Status interval (minutes): 5
Host conn limit (freq.): 2
Status interval NAC host conn (minutes): 1
Transaction timeout limit (freq.): 2
Status interval trx timeout (minutes): 1
-------------------
NAC Status Email Alert is Enable
Checking for NAC Status...
NAC Trx Timeout Email Alert is Enable
Checking for NAC Host Connection...
NAC Host Connection Email Alert is Enable
Checking for NAC Host Connection...
request: http://localhost:2323/get_nac_host_conn
error: null
statusCode: 200
Log saved!
request: http://localhost:2323/get_nac_status
error: null
statusCode: 200
Log saved!
request: http://localhost:2323/get_node_trx_timeout
error: null
statusCode: 200
Log saved!
request: http://localhost:2323/get_nac_host_conn
error: null
statusCode: 200
Log saved!
request: http://localhost:2323/get_node_trx_timeout
error: null
statusCode: 200
Log saved!
Send alert started...
Request: http://localhost:2323/get_status_email_nac
Error: null
Status Code: 200
-------------------
NAC Status Email Alert: 1
NAC Host Connection Email Alert: 1
NAC Transaction Timeout Email Alert: 1
Status interval (minutes): 5
Host conn limit (freq.): 2
Status interval NAC host conn (minutes): 1
Transaction timeout limit (freq.): 2
Status interval trx timeout (minutes): 1
-------------------
NAC Status Email Alert is Enable
Checking for NAC Status...
NAC Trx Timeout Email Alert is Enable
Checking for NAC Host Connection...
NAC Host Connection Email Alert is Enable
Checking for NAC Host Connection...
request: http://localhost:2323/get_nac_host_conn
error: null
statusCode: 200
Log saved!
request: http://localhost:2323/get_node_trx_timeout
error: null
statusCode: 200
Log saved!
request: http://localhost:2323/get_nac_status
error: null
statusCode: 200
Log saved!
request: http://localhost:2323/get_nac_host_conn
error: null
statusCode: 200
Log saved!
request: http://localhost:2323/get_node_trx_timeout
error: null
statusCode: 200
Log saved!
request: http://localhost:2323/get_nac_host_conn
error: null
statusCode: 200
Log saved!
request: http://localhost:2323/get_node_trx_timeout
error: null
statusCode: 200
Log saved!
request: http://localhost:2323/get_nac_host_conn
error: null
statusCode: 200
Log saved!
request: http://localhost:2323/get_node_trx_timeout
error: null
statusCode: 200
Log saved!
request: http://localhost:2323/get_nac_host_conn
error: null
statusCode: 200
Log saved!
request: http://localhost:2323/get_node_trx_timeout
error: null
statusCode: 200
Log saved!
request: http://localhost:2323/get_nac_host_conn
error: null
statusCode: 200
Log saved!
request: http://localhost:2323/get_node_trx_timeout
error: null
statusCode: 200
Log saved!
request: http://localhost:2323/get_nac_status
error: null
statusCode: 200
Log saved!
request: http://localhost:2323/get_nac_host_conn
error: null
statusCode: 200
Log saved!
request: http://localhost:2323/get_node_trx_timeout
error: null
statusCode: 200
Log saved!
Send alert started...
Request: http://localhost:2323/get_status_email_nac
Error: null
Status Code: 200
-------------------
NAC Status Email Alert: 1
NAC Host Connection Email Alert: 1
NAC Transaction Timeout Email Alert: 1
Status interval (minutes): 5
Host conn limit (freq.): 2
Status interval NAC host conn (minutes): 1
Transaction timeout limit (freq.): 2
Status interval trx timeout (minutes): 3
-------------------
NAC Status Email Alert is Enable
Checking for NAC Status...
NAC Trx Timeout Email Alert is Enable
Checking for NAC Host Connection...
NAC Host Connection Email Alert is Enable
Checking for NAC Host Connection...
request: http://localhost:2323/get_node_trx_timeout
error: null
statusCode: 500
Log saved!
request: http://localhost:2323/get_nac_host_conn
error: null
statusCode: 500
Log saved!
request: http://localhost:2323/get_nac_status
error: null
statusCode: 200
Log saved!
request: http://localhost:2323/get_nac_host_conn
error: null
statusCode: 200
Log saved!
Send alert started...
Request: http://localhost:2323/get_status_email_nac
Error: null
Status Code: 200
-------------------
NAC Status Email Alert: 1
NAC Host Connection Email Alert: 1
NAC Transaction Timeout Email Alert: 1
Status interval (minutes): 5
Host conn limit (freq.): 2
Status interval NAC host conn (minutes): 1
Transaction timeout limit (freq.): 2
Status interval trx timeout (minutes): 3
-------------------
NAC Status Email Alert is Enable
Checking for NAC Status...
NAC Trx Timeout Email Alert is Enable
Checking for NAC Host Connection...
NAC Host Connection Email Alert is Enable
Checking for NAC Host Connection...
request: http://localhost:2323/get_nac_host_conn
error: null
statusCode: 200
Log saved!
request: http://localhost:2323/get_node_trx_timeout
error: null
statusCode: 200
Log saved!
request: http://localhost:2323/get_nac_status
error: null
statusCode: 200
Log saved!
request: http://localhost:2323/get_nac_host_conn
error: null
statusCode: 200
Log saved!
request: http://localhost:2323/get_nac_host_conn
error: null
statusCode: 200
Log saved!
request: http://localhost:2323/get_nac_host_conn
error: null
statusCode: 200
Log saved!
request: http://localhost:2323/get_node_trx_timeout
error: null
statusCode: 200
Log saved!
request: http://localhost:2323/get_nac_host_conn
error: null
statusCode: 200
Log saved!
request: http://localhost:2323/get_nac_host_conn
error: null
statusCode: 200
Log saved!
request: http://localhost:2323/get_nac_status
error: null
statusCode: 200
Log saved!
request: http://localhost:2323/get_nac_host_conn
error: null
statusCode: 200
Log saved!
request: http://localhost:2323/get_node_trx_timeout
error: null
statusCode: 200
Log saved!
request: http://localhost:2323/get_nac_host_conn
error: null
statusCode: 200
Log saved!
request: http://localhost:2323/get_nac_host_conn
error: null
statusCode: 200
Log saved!
Send alert started...
Request: http://localhost:2323/get_status_email_nac
Error: null
Status Code: 200
-------------------
NAC Status Email Alert: 1
NAC Host Connection Email Alert: 1
NAC Transaction Timeout Email Alert: 1
Status interval (minutes): 1
Host conn limit (freq.): 2
Status interval NAC host conn (minutes): 1
Transaction timeout limit (freq.): 2
Status interval trx timeout (minutes): 3
-------------------
NAC Status Email Alert is Enable
Checking for NAC Status...
NAC Trx Timeout Email Alert is Enable
Checking for NAC Host Connection...
NAC Host Connection Email Alert is Enable
Checking for NAC Host Connection...
request: http://localhost:2323/get_nac_host_conn
error: null
statusCode: 200
Log saved!
request: http://localhost:2323/get_nac_status
error: null
statusCode: 200
Log saved!
request: http://localhost:2323/get_node_trx_timeout
error: null
statusCode: 200
Log saved!
request: http://localhost:2323/get_nac_host_conn
error: null
statusCode: 200
Log saved!
request: http://localhost:2323/get_nac_status
error: null
statusCode: 200
Log saved!
request: http://localhost:2323/get_nac_host_conn
error: null
statusCode: 200
Log saved!
request: http://localhost:2323/get_nac_status
error: null
statusCode: 200
Log saved!
request: http://localhost:2323/get_nac_host_conn
error: null
statusCode: 200
Log saved!
request: http://localhost:2323/get_node_trx_timeout
error: null
statusCode: 200
Log saved!
request: http://localhost:2323/get_nac_status
error: null
statusCode: 200
Log saved!
request: http://localhost:2323/get_nac_host_conn
error: null
statusCode: 200
Log saved!
request: http://localhost:2323/get_nac_status
error: null
statusCode: 200
Log saved!
request: http://localhost:2323/get_nac_host_conn
error: null
statusCode: 200
Log saved!
request: http://localhost:2323/get_nac_status
error: null
statusCode: 200
Log saved!
request: http://localhost:2323/get_nac_host_conn
error: null
statusCode: 200
Log saved!
request: http://localhost:2323/get_node_trx_timeout
error: null
statusCode: 200
Log saved!
request: http://localhost:2323/get_nac_status
error: null
statusCode: 200
Log saved!
Send alert started...
Request: http://localhost:2323/get_status_email_nac
Error: null
Status Code: 200
-------------------
NAC Status Email Alert: 1
NAC Host Connection Email Alert: 1
NAC Transaction Timeout Email Alert: 1
Status interval (minutes): 10
Host conn limit (freq.): 2
Status interval NAC host conn (minutes): 1
Transaction timeout limit (freq.): 2
Status interval trx timeout (minutes): 3
-------------------
NAC Status Email Alert is Enable
Checking for NAC Status...
NAC Trx Timeout Email Alert is Enable
Checking for NAC Host Connection...
NAC Host Connection Email Alert is Enable
Checking for NAC Host Connection...
request: http://localhost:2323/get_nac_host_conn
error: null
statusCode: 200
Log saved!
request: http://localhost:2323/get_nac_status
error: null
statusCode: 200
Log saved!
request: http://localhost:2323/get_node_trx_timeout
error: null
statusCode: 200
Log saved!
request: http://localhost:2323/get_nac_host_conn
error: null
statusCode: 200
Log saved!
request: http://localhost:2323/get_nac_host_conn
error: null
statusCode: 200
Log saved!
request: http://localhost:2323/get_nac_host_conn
error: null
statusCode: 200
Log saved!
request: http://localhost:2323/get_node_trx_timeout
error: null
statusCode: 200
Log saved!
request: http://localhost:2323/get_nac_host_conn
error: null
statusCode: 200
Log saved!
request: http://localhost:2323/get_nac_host_conn
error: null
statusCode: 200
Log saved!
request: http://localhost:2323/get_nac_host_conn
error: null
statusCode: 200
Log saved!
request: http://localhost:2323/get_node_trx_timeout
error: null
statusCode: 200
Log saved!
request: http://localhost:2323/get_nac_host_conn
error: null
statusCode: 200
Log saved!
request: http://localhost:2323/get_nac_host_conn
error: null
statusCode: 200
Log saved!
request: http://localhost:2323/get_nac_host_conn
error: null
statusCode: 200
Log saved!
request: http://localhost:2323/get_node_trx_timeout
error: null
statusCode: 200
Log saved!
request: http://localhost:2323/get_nac_host_conn
error: null
statusCode: 200
request: http://localhost:2323/get_nac_status
error: null
statusCode: 200
Log saved!
Log saved!
request: http://localhost:2323/get_nac_host_conn
error: null
statusCode: 200
Log saved!
request: http://localhost:2323/get_nac_host_conn
error: null
statusCode: 200
Log saved!
request: http://localhost:2323/get_node_trx_timeout
error: null
statusCode: 200
Log saved!
request: http://localhost:2323/get_nac_host_conn
error: null
statusCode: 200
Log saved!
request: http://localhost:2323/get_nac_host_conn
error: null
statusCode: 200
Log saved!
request: http://localhost:2323/get_nac_host_conn
error: null
statusCode: 200
Log saved!
request: http://localhost:2323/get_node_trx_timeout
error: null
statusCode: 200
Log saved!
request: http://localhost:2323/get_nac_host_conn
error: null
statusCode: 200
Log saved!
request: http://localhost:2323/get_nac_host_conn
error: null
statusCode: 200
Log saved!
request: http://localhost:2323/get_nac_host_conn
error: null
statusCode: 200
Log saved!
request: http://localhost:2323/get_node_trx_timeout
error: null
statusCode: 200
Log saved!
request: http://localhost:2323/get_nac_host_conn
error: null
statusCode: 200
Log saved!
request: http://localhost:2323/get_nac_host_conn
error: null
statusCode: 200
Log saved!
request: http://localhost:2323/get_nac_status
error: null
statusCode: 200
Log saved!
request: http://localhost:2323/get_nac_host_conn
error: null
statusCode: 200
Log saved!
request: http://localhost:2323/get_node_trx_timeout
error: null
statusCode: 200
Log saved!
request: http://localhost:2323/get_nac_host_conn
error: null
statusCode: 200
Log saved!
request: http://localhost:2323/get_nac_host_conn
error: null
statusCode: 200
Log saved!
request: http://localhost:2323/get_nac_host_conn
error: null
statusCode: 200
Log saved!
request: http://localhost:2323/get_node_trx_timeout
error: null
statusCode: 200
Log saved!
request: http://localhost:2323/get_nac_host_conn
error: null
statusCode: 200
Log saved!
request: http://localhost:2323/get_nac_host_conn
error: null
statusCode: 200
Log saved!
request: http://localhost:2323/get_nac_host_conn
error: null
statusCode: 200
Log saved!
request: http://localhost:2323/get_node_trx_timeout
error: null
statusCode: 200
Log saved!
request: http://localhost:2323/get_nac_host_conn
error: null
statusCode: 200
Log saved!
request: http://localhost:2323/get_nac_host_conn
error: null
statusCode: 200
Log saved!
request: http://localhost:2323/get_nac_host_conn
error: null
statusCode: 200
Log saved!
request: http://localhost:2323/get_node_trx_timeout
error: null
statusCode: 200
Log saved!
request: http://localhost:2323/get_nac_status
error: null
statusCode: 200
Log saved!
request: http://localhost:2323/get_nac_host_conn
error: null
statusCode: 200
Log saved!
request: http://localhost:2323/get_nac_host_conn
error: null
statusCode: 200
Log saved!
request: http://localhost:2323/get_nac_host_conn
error: null
statusCode: 200
Log saved!
request: http://localhost:2323/get_node_trx_timeout
error: null
statusCode: 200
Log saved!
request: http://localhost:2323/get_nac_host_conn
error: null
statusCode: 200
Log saved!
request: http://localhost:2323/get_nac_host_conn
error: null
statusCode: 200
Log saved!
request: http://localhost:2323/get_nac_host_conn
error: null
statusCode: 200
Log saved!
request: http://localhost:2323/get_node_trx_timeout
error: null
statusCode: 200
Log saved!
request: http://localhost:2323/get_nac_host_conn
error: null
statusCode: 200
Log saved!
Send alert started...
Request: http://localhost:2323/get_status_email_nac
Error: { Error: connect ECONNREFUSED 127.0.0.1:2323
    at TCPConnectWrap.afterConnect [as oncomplete] (net.js:1191:14)
  errno: 'ECONNREFUSED',
  code: 'ECONNREFUSED',
  syscall: 'connect',
  address: '127.0.0.1',
  port: 2323 }
Status Code: undefined
Send alert started...
Request: http://localhost:2323/get_status_email_nac
Error: { Error: connect ECONNREFUSED 127.0.0.1:2323
    at TCPConnectWrap.afterConnect [as oncomplete] (net.js:1191:14)
  errno: 'ECONNREFUSED',
  code: 'ECONNREFUSED',
  syscall: 'connect',
  address: '127.0.0.1',
  port: 2323 }
Status Code: undefined
Send alert started...
Request: http://localhost:2323/get_status_email_nac
Error: { Error: connect ECONNREFUSED 127.0.0.1:2323
    at TCPConnectWrap.afterConnect [as oncomplete] (net.js:1191:14)
  errno: 'ECONNREFUSED',
  code: 'ECONNREFUSED',
  syscall: 'connect',
  address: '127.0.0.1',
  port: 2323 }
Status Code: undefined
Send alert started...
Request: http://localhost:2323/get_status_email_nac
Error: { Error: connect ECONNREFUSED 127.0.0.1:2323
    at TCPConnectWrap.afterConnect [as oncomplete] (net.js:1191:14)
  errno: 'ECONNREFUSED',
  code: 'ECONNREFUSED',
  syscall: 'connect',
  address: '127.0.0.1',
  port: 2323 }
Status Code: undefined
Send alert started...
Request: http://localhost:2323/get_status_email_nac
Error: { Error: connect ECONNREFUSED 127.0.0.1:2323
    at TCPConnectWrap.afterConnect [as oncomplete] (net.js:1191:14)
  errno: 'ECONNREFUSED',
  code: 'ECONNREFUSED',
  syscall: 'connect',
  address: '127.0.0.1',
  port: 2323 }
Status Code: undefined
Send alert started...
Request: http://localhost:2323/get_status_email_nac
Error: { Error: connect ECONNREFUSED 127.0.0.1:2323
    at TCPConnectWrap.afterConnect [as oncomplete] (net.js:1191:14)
  errno: 'ECONNREFUSED',
  code: 'ECONNREFUSED',
  syscall: 'connect',
  address: '127.0.0.1',
  port: 2323 }
Status Code: undefined
Send alert started...
Request: http://localhost:2323/get_status_email_nac
Error: null
Status Code: 200
-------------------
NAC Status Email Alert: 1
NAC Host Connection Email Alert: 1
NAC Transaction Timeout Email Alert: 1
Status interval (minutes): 10
Host conn limit (freq.): 2
Status interval NAC host conn (minutes): 1
Transaction timeout limit (freq.): 2
Status interval trx timeout (minutes): 3
-------------------
NAC Status Email Alert is Enable
Checking for NAC Status...
NAC Trx Timeout Email Alert is Enable
Checking for NAC Host Connection...
NAC Host Connection Email Alert is Enable
Checking for NAC Host Connection...
request: http://localhost:2323/get_nac_host_conn
error: null
statusCode: 200
Log saved!
request: http://localhost:2323/get_node_trx_timeout
error: null
statusCode: 200
Log saved!
request: http://localhost:2323/get_nac_status
error: null
statusCode: 200
Log saved!
request: http://localhost:2323/get_nac_host_conn
error: null
statusCode: 200
Log saved!
request: http://localhost:2323/get_nac_host_conn
error: null
statusCode: 200
Log saved!
request: http://localhost:2323/get_nac_host_conn
error: null
statusCode: 200
Log saved!
request: http://localhost:2323/get_node_trx_timeout
error: null
statusCode: 200
Log saved!
request: http://localhost:2323/get_nac_host_conn
error: null
statusCode: 200
Log saved!
request: http://localhost:2323/get_nac_host_conn
error: null
statusCode: 200
Log saved!
request: http://localhost:2323/get_nac_host_conn
error: null
statusCode: 200
Log saved!
request: http://localhost:2323/get_node_trx_timeout
error: null
statusCode: 200
Log saved!
request: http://localhost:2323/get_nac_host_conn
error: null
statusCode: 200
Log saved!
request: http://localhost:2323/get_nac_host_conn
error: null
statusCode: 200
Log saved!
request: http://localhost:2323/get_nac_host_conn
error: null
statusCode: 200
Log saved!
request: http://localhost:2323/get_node_trx_timeout
error: null
statusCode: 200
Log saved!
request: http://localhost:2323/get_nac_host_conn
error: null
statusCode: 200
Log saved!
request: http://localhost:2323/get_nac_status
error: null
statusCode: 200
Log saved!
request: http://localhost:2323/get_nac_host_conn
error: null
statusCode: 200
Log saved!
request: http://localhost:2323/get_nac_host_conn
error: null
statusCode: 200
Log saved!
request: http://localhost:2323/get_node_trx_timeout
error: null
statusCode: 200
Log saved!
request: http://localhost:2323/get_nac_host_conn
error: null
statusCode: 200
Log saved!
request: http://localhost:2323/get_nac_host_conn
error: null
statusCode: 200
Log saved!
request: http://localhost:2323/get_nac_host_conn
error: null
statusCode: 200
Log saved!
request: http://localhost:2323/get_node_trx_timeout
error: null
statusCode: 200
Log saved!
Send alert started...
Request: http://localhost:2323/get_status_email_nac
Error: { Error: connect ECONNREFUSED 127.0.0.1:2323
    at TCPConnectWrap.afterConnect [as oncomplete] (net.js:1191:14)
  errno: 'ECONNREFUSED',
  code: 'ECONNREFUSED',
  syscall: 'connect',
  address: '127.0.0.1',
  port: 2323 }
Status Code: undefined
Send alert started...
Request: http://localhost:2323/get_status_email_nac
Error: { Error: connect ECONNREFUSED 127.0.0.1:2323
    at TCPConnectWrap.afterConnect [as oncomplete] (net.js:1191:14)
  errno: 'ECONNREFUSED',
  code: 'ECONNREFUSED',
  syscall: 'connect',
  address: '127.0.0.1',
  port: 2323 }
Status Code: undefined
Send alert started...
Request: http://localhost:2323/get_status_email_nac
Error: { Error: connect ECONNREFUSED 127.0.0.1:2323
    at TCPConnectWrap.afterConnect [as oncomplete] (net.js:1191:14)
  errno: 'ECONNREFUSED',
  code: 'ECONNREFUSED',
  syscall: 'connect',
  address: '127.0.0.1',
  port: 2323 }
Status Code: undefined
Send alert started...
Request: http://localhost:2323/get_status_email_nac
Error: null
Status Code: 200
-------------------
NAC Status Email Alert: 1
NAC Host Connection Email Alert: 1
NAC Transaction Timeout Email Alert: 1
Status interval (minutes): 10
Host conn limit (freq.): 2
Status interval NAC host conn (minutes): 1
Transaction timeout limit (freq.): 2
Status interval trx timeout (minutes): 3
-------------------
NAC Status Email Alert is Enable
Checking for NAC Status...
NAC Trx Timeout Email Alert is Enable
Checking for NAC Host Connection...
NAC Host Connection Email Alert is Enable
Checking for NAC Host Connection...
request: http://localhost:2323/get_nac_host_conn
error: null
statusCode: 200
Log saved!
request: http://localhost:2323/get_node_trx_timeout
error: null
statusCode: 200
Log saved!
request: http://localhost:2323/get_nac_status
error: null
statusCode: 200
Log saved!
Send alert started...
Request: http://localhost:2323/get_status_email_nac
Error: { Error: connect ECONNREFUSED 127.0.0.1:2323
    at TCPConnectWrap.afterConnect [as oncomplete] (net.js:1191:14)
  errno: 'ECONNREFUSED',
  code: 'ECONNREFUSED',
  syscall: 'connect',
  address: '127.0.0.1',
  port: 2323 }
Status Code: undefined
Send alert started...
Request: http://localhost:2323/get_status_email_nac
Error: { Error: connect ECONNREFUSED 127.0.0.1:2323
    at TCPConnectWrap.afterConnect [as oncomplete] (net.js:1191:14)
  errno: 'ECONNREFUSED',
  code: 'ECONNREFUSED',
  syscall: 'connect',
  address: '127.0.0.1',
  port: 2323 }
Status Code: undefined
Send alert started...
Request: http://localhost:2323/get_status_email_nac
Error: { Error: connect ECONNREFUSED 127.0.0.1:2323
    at TCPConnectWrap.afterConnect [as oncomplete] (net.js:1191:14)
  errno: 'ECONNREFUSED',
  code: 'ECONNREFUSED',
  syscall: 'connect',
  address: '127.0.0.1',
  port: 2323 }
Status Code: undefined
Send alert started...
Request: http://localhost:2323/get_status_email_nac
Error: { Error: connect ECONNREFUSED 127.0.0.1:2323
    at TCPConnectWrap.afterConnect [as oncomplete] (net.js:1191:14)
  errno: 'ECONNREFUSED',
  code: 'ECONNREFUSED',
  syscall: 'connect',
  address: '127.0.0.1',
  port: 2323 }
Status Code: undefined
Send alert started...
Request: http://localhost:2323/get_status_email_nac
Error: { Error: connect ECONNREFUSED 127.0.0.1:2323
    at TCPConnectWrap.afterConnect [as oncomplete] (net.js:1191:14)
  errno: 'ECONNREFUSED',
  code: 'ECONNREFUSED',
  syscall: 'connect',
  address: '127.0.0.1',
  port: 2323 }
Status Code: undefined
Send alert started...
Request: http://localhost:2323/get_status_email_nac
Error: { Error: connect ECONNREFUSED 127.0.0.1:2323
    at TCPConnectWrap.afterConnect [as oncomplete] (net.js:1191:14)
  errno: 'ECONNREFUSED',
  code: 'ECONNREFUSED',
  syscall: 'connect',
  address: '127.0.0.1',
  port: 2323 }
Status Code: undefined
Send alert started...
Request: http://localhost:2323/get_status_email_nac
Error: null
Status Code: 200
-------------------
NAC Status Email Alert: 1
NAC Host Connection Email Alert: 1
NAC Transaction Timeout Email Alert: 1
Status interval (minutes): 10
Host conn limit (freq.): 2
Status interval NAC host conn (minutes): 1
Transaction timeout limit (freq.): 2
Status interval trx timeout (minutes): 3
-------------------
NAC Status Email Alert is Enable
Checking for NAC Status...
NAC Trx Timeout Email Alert is Enable
Checking for NAC Host Connection...
NAC Host Connection Email Alert is Enable
Checking for NAC Host Connection...
Send alert started...
Request: http://localhost:2323/get_status_email_nac
Error: null
Status Code: 200
-------------------
NAC Status Email Alert: 1
NAC Host Connection Email Alert: 1
NAC Transaction Timeout Email Alert: 1
Status interval (minutes): 10
Host conn limit (freq.): 2
Status interval NAC host conn (minutes): 1
Transaction timeout limit (freq.): 2
Status interval trx timeout (minutes): 3
-------------------
NAC Status Email Alert is Enable
Checking for NAC Status...
NAC Trx Timeout Email Alert is Enable
Checking for NAC Host Connection...
NAC Host Connection Email Alert is Enable
Checking for NAC Host Connection...
request: http://localhost:2323/get_nac_status
error: null
statusCode: 200
Log saved!
request: http://localhost:2323/get_nac_host_conn
error: null
statusCode: 200
Log saved!
request: http://localhost:2323/get_node_trx_timeout
error: null
statusCode: 200
Log saved!
Send alert started...
Request: http://localhost:2323/get_status_email_nac
Error: { Error: connect ECONNREFUSED 127.0.0.1:2323
    at TCPConnectWrap.afterConnect [as oncomplete] (net.js:1191:14)
  errno: 'ECONNREFUSED',
  code: 'ECONNREFUSED',
  syscall: 'connect',
  address: '127.0.0.1',
  port: 2323 }
Status Code: undefined
Send alert started...
Request: http://localhost:2323/get_status_email_nac
Error: { Error: connect ECONNREFUSED 127.0.0.1:2323
    at TCPConnectWrap.afterConnect [as oncomplete] (net.js:1191:14)
  errno: 'ECONNREFUSED',
  code: 'ECONNREFUSED',
  syscall: 'connect',
  address: '127.0.0.1',
  port: 2323 }
Status Code: undefined
Send alert started...
Request: http://localhost:2323/get_status_email_nac
Error: { Error: connect ECONNREFUSED 127.0.0.1:2323
    at TCPConnectWrap.afterConnect [as oncomplete] (net.js:1191:14)
  errno: 'ECONNREFUSED',
  code: 'ECONNREFUSED',
  syscall: 'connect',
  address: '127.0.0.1',
  port: 2323 }
Status Code: undefined
Send alert started...
Request: http://localhost:2323/get_status_email_nac
Error: { Error: connect ECONNREFUSED 127.0.0.1:2323
    at TCPConnectWrap.afterConnect [as oncomplete] (net.js:1191:14)
  errno: 'ECONNREFUSED',
  code: 'ECONNREFUSED',
  syscall: 'connect',
  address: '127.0.0.1',
  port: 2323 }
Status Code: undefined
Send alert started...
Request: http://localhost:2323/get_status_email_nac
Error: { Error: connect ECONNREFUSED 127.0.0.1:2323
    at TCPConnectWrap.afterConnect [as oncomplete] (net.js:1191:14)
  errno: 'ECONNREFUSED',
  code: 'ECONNREFUSED',
  syscall: 'connect',
  address: '127.0.0.1',
  port: 2323 }
Status Code: undefined
Send alert started...
Request: http://localhost:2323/get_status_email_nac
Error: { Error: connect ECONNREFUSED 127.0.0.1:2323
    at TCPConnectWrap.afterConnect [as oncomplete] (net.js:1191:14)
  errno: 'ECONNREFUSED',
  code: 'ECONNREFUSED',
  syscall: 'connect',
  address: '127.0.0.1',
  port: 2323 }
Status Code: undefined
Send alert started...
Request: http://localhost:2323/get_status_email_nac
Error: { Error: connect ECONNREFUSED 127.0.0.1:2323
    at TCPConnectWrap.afterConnect [as oncomplete] (net.js:1191:14)
  errno: 'ECONNREFUSED',
  code: 'ECONNREFUSED',
  syscall: 'connect',
  address: '127.0.0.1',
  port: 2323 }
Status Code: undefined
Send alert started...
Request: http://localhost:2323/get_status_email_nac
Error: { Error: connect ECONNREFUSED 127.0.0.1:2323
    at TCPConnectWrap.afterConnect [as oncomplete] (net.js:1191:14)
  errno: 'ECONNREFUSED',
  code: 'ECONNREFUSED',
  syscall: 'connect',
  address: '127.0.0.1',
  port: 2323 }
Status Code: undefined
Send alert started...
Request: http://localhost:2323/get_status_email_nac
Error: { Error: connect ECONNREFUSED 127.0.0.1:2323
    at TCPConnectWrap.afterConnect [as oncomplete] (net.js:1191:14)
  errno: 'ECONNREFUSED',
  code: 'ECONNREFUSED',
  syscall: 'connect',
  address: '127.0.0.1',
  port: 2323 }
Status Code: undefined
Send alert started...
Request: http://localhost:2323/get_status_email_nac
Error: null
Status Code: 200
-------------------
NAC Status Email Alert: 1
NAC Host Connection Email Alert: 1
NAC Transaction Timeout Email Alert: 1
Status interval (minutes): 10
Host conn limit (freq.): 2
Status interval NAC host conn (minutes): 1
Transaction timeout limit (freq.): 2
Status interval trx timeout (minutes): 3
-------------------
NAC Status Email Alert is Enable
Checking for NAC Status...
NAC Trx Timeout Email Alert is Enable
Checking for NAC Host Connection...
NAC Host Connection Email Alert is Enable
Checking for NAC Host Connection...
request: http://localhost:2323/get_nac_host_conn
error: null
statusCode: 200
Log saved!
request: http://localhost:2323/get_nac_status
error: null
statusCode: 200
Log saved!
request: http://localhost:2323/get_node_trx_timeout
error: null
statusCode: 200
Log saved!
request: http://localhost:2323/get_nac_host_conn
error: null
statusCode: 200
Log saved!
request: http://localhost:2323/get_nac_host_conn
error: null
statusCode: 200
Log saved!
request: http://localhost:2323/get_nac_host_conn
error: null
statusCode: 200
Log saved!
request: http://localhost:2323/get_node_trx_timeout
error: null
statusCode: 200
Log saved!
request: http://localhost:2323/get_nac_host_conn
error: null
statusCode: 200
Log saved!
request: http://localhost:2323/get_nac_host_conn
error: null
statusCode: 200
Log saved!
request: http://localhost:2323/get_nac_host_conn
error: null
statusCode: 200
Log saved!
request: http://localhost:2323/get_node_trx_timeout
error: null
statusCode: 200
Log saved!
request: http://localhost:2323/get_nac_host_conn
error: null
statusCode: 200
Log saved!
request: http://localhost:2323/get_nac_host_conn
error: null
statusCode: 200
Log saved!
request: http://localhost:2323/get_nac_host_conn
error: null
statusCode: 200
Log saved!
request: http://localhost:2323/get_node_trx_timeout
error: null
statusCode: 200
Log saved!
request: http://localhost:2323/get_nac_host_conn
error: null
statusCode: 200
Log saved!
request: http://localhost:2323/get_nac_status
error: null
statusCode: 200
Log saved!
request: http://localhost:2323/get_nac_host_conn
error: null
statusCode: 200
Log saved!
request: http://localhost:2323/get_nac_host_conn
error: null
statusCode: 200
Log saved!
request: http://localhost:2323/get_node_trx_timeout
error: null
statusCode: 200
Log saved!
request: http://localhost:2323/get_nac_host_conn
error: null
statusCode: 200
Log saved!
request: http://localhost:2323/get_nac_host_conn
error: null
statusCode: 200
Log saved!
request: http://localhost:2323/get_nac_host_conn
error: null
statusCode: 200
Log saved!
request: http://localhost:2323/get_node_trx_timeout
error: null
statusCode: 200
Log saved!
request: http://localhost:2323/get_nac_host_conn
error: null
statusCode: 200
Log saved!
Send alert started...
Request: http://localhost:2323/get_status_email_nac
Error: null
Status Code: 200
-------------------
NAC Status Email Alert: 1
NAC Host Connection Email Alert: 0
NAC Transaction Timeout Email Alert: 0
Status interval (minutes): 1
Host conn limit (freq.): 2
Status interval NAC host conn (minutes): 1
Transaction timeout limit (freq.): 2
Status interval trx timeout (minutes): 3
-------------------
NAC Status Email Alert is Enable
Checking for NAC Status...
request: http://localhost:2323/get_nac_status
error: null
statusCode: 200
Log saved!
request: http://localhost:2323/get_nac_status
error: null
statusCode: 500
Log saved!
request: http://localhost:2323/get_nac_status
error: null
statusCode: 200
Log saved!
request: http://localhost:2323/get_nac_status
error: null
statusCode: 200
Log saved!
Send alert started...
Request: http://localhost:2323/get_status_email_nac
Error: { Error: connect ECONNREFUSED 127.0.0.1:2323
    at TCPConnectWrap.afterConnect [as oncomplete] (net.js:1191:14)
  errno: 'ECONNREFUSED',
  code: 'ECONNREFUSED',
  syscall: 'connect',
  address: '127.0.0.1',
  port: 2323 }
Status Code: undefined
Send alert started...
Request: http://localhost:2323/get_status_email_nac
Error: { Error: connect ECONNREFUSED 127.0.0.1:2323
    at TCPConnectWrap.afterConnect [as oncomplete] (net.js:1191:14)
  errno: 'ECONNREFUSED',
  code: 'ECONNREFUSED',
  syscall: 'connect',
  address: '127.0.0.1',
  port: 2323 }
Status Code: undefined
Send alert started...
Request: http://localhost:2323/get_status_email_nac
Error: { Error: connect ECONNREFUSED 127.0.0.1:2323
    at TCPConnectWrap.afterConnect [as oncomplete] (net.js:1191:14)
  errno: 'ECONNREFUSED',
  code: 'ECONNREFUSED',
  syscall: 'connect',
  address: '127.0.0.1',
  port: 2323 }
Status Code: undefined
